[debug] [2022-03-27T05:32:11.520Z] ----------------------------------------------------------------------
[debug] [2022-03-27T05:32:11.521Z] Command:       C:\Program Files\nodejs\node.exe C:\Users\91907\AppData\Roaming\npm\node_modules\firebase-tools\lib\bin\firebase.js deploy
[debug] [2022-03-27T05:32:11.522Z] CLI Version:   10.5.0
[debug] [2022-03-27T05:32:11.522Z] Platform:      win32
[debug] [2022-03-27T05:32:11.522Z] Node Version:  v16.14.2
[debug] [2022-03-27T05:32:11.522Z] Time:          Sun Mar 27 2022 11:02:11 GMT+0530 (India Standard Time)
[debug] [2022-03-27T05:32:11.523Z] ----------------------------------------------------------------------
[debug] 
[debug] [2022-03-27T05:32:11.577Z] > command requires scopes: ["email","openid","https://www.googleapis.com/auth/cloudplatformprojects.readonly","https://www.googleapis.com/auth/firebase","https://www.googleapis.com/auth/cloud-platform"]
[debug] [2022-03-27T05:32:11.577Z] > authorizing via signed-in user (senapati.sohan31@gmail.com)
[debug] [2022-03-27T05:32:11.577Z] [iam] checking project portfoliowebsite-cc44a for permissions ["firebase.projects.get","firebasehosting.sites.update"]
[debug] [2022-03-27T05:32:11.579Z] >>> [apiv2][query] POST https://cloudresourcemanager.googleapis.com/v1/projects/portfoliowebsite-cc44a:testIamPermissions [none]
[debug] [2022-03-27T05:32:11.579Z] >>> [apiv2][body] POST https://cloudresourcemanager.googleapis.com/v1/projects/portfoliowebsite-cc44a:testIamPermissions {"permissions":["firebase.projects.get","firebasehosting.sites.update"]}
[debug] [2022-03-27T05:32:13.201Z] <<< [apiv2][status] POST https://cloudresourcemanager.googleapis.com/v1/projects/portfoliowebsite-cc44a:testIamPermissions 200
[debug] [2022-03-27T05:32:13.202Z] <<< [apiv2][body] POST https://cloudresourcemanager.googleapis.com/v1/projects/portfoliowebsite-cc44a:testIamPermissions {"permissions":["firebase.projects.get","firebasehosting.sites.update"]}
[debug] [2022-03-27T05:32:13.204Z] >>> [apiv2][query] GET https://firebase.googleapis.com/v1beta1/projects/portfoliowebsite-cc44a [none]
[debug] [2022-03-27T05:32:13.881Z] <<< [apiv2][status] GET https://firebase.googleapis.com/v1beta1/projects/portfoliowebsite-cc44a 200
[debug] [2022-03-27T05:32:13.881Z] <<< [apiv2][body] GET https://firebase.googleapis.com/v1beta1/projects/portfoliowebsite-cc44a {"projectId":"portfoliowebsite-cc44a","projectNumber":"569261627329","displayName":"PortfolioWebsite","name":"projects/portfoliowebsite-cc44a","resources":{"hostingSite":"portfoliowebsite-cc44a"},"state":"ACTIVE"}
[info] 
[info] === Deploying to 'portfoliowebsite-cc44a'...
[info] 
[info] i  deploying hosting 
[debug] [2022-03-27T05:32:13.885Z] >>> [apiv2][query] GET https://firebase.googleapis.com/v1beta1/projects/portfoliowebsite-cc44a [none]
[debug] [2022-03-27T05:32:14.580Z] <<< [apiv2][status] GET https://firebase.googleapis.com/v1beta1/projects/portfoliowebsite-cc44a 200
[debug] [2022-03-27T05:32:14.580Z] <<< [apiv2][body] GET https://firebase.googleapis.com/v1beta1/projects/portfoliowebsite-cc44a {"projectId":"portfoliowebsite-cc44a","projectNumber":"569261627329","displayName":"PortfolioWebsite","name":"projects/portfoliowebsite-cc44a","resources":{"hostingSite":"portfoliowebsite-cc44a"},"state":"ACTIVE"}
[debug] [2022-03-27T05:32:14.588Z] >>> [apiv2][query] POST https://firebasehosting.googleapis.com/v1beta1/projects/569261627329/sites/portfoliowebsite-cc44a/versions [none]
[debug] [2022-03-27T05:32:14.589Z] >>> [apiv2][body] POST https://firebasehosting.googleapis.com/v1beta1/projects/569261627329/sites/portfoliowebsite-cc44a/versions {"config":{"rewrites":[{"glob":"**","path":"/index.html"}]},"labels":{"deployment-tool":"cli-firebase"}}
[debug] [2022-03-27T05:32:16.572Z] <<< [apiv2][status] POST https://firebasehosting.googleapis.com/v1beta1/projects/569261627329/sites/portfoliowebsite-cc44a/versions 500
[debug] [2022-03-27T05:32:16.572Z] <<< [apiv2][body] POST https://firebasehosting.googleapis.com/v1beta1/projects/569261627329/sites/portfoliowebsite-cc44a/versions {"error":{"code":500,"message":"Internal error encountered.","status":"INTERNAL"}}
[error] 
[error] Error: HTTP Error: 500, Internal error encountered.
[debug] [2022-03-27T05:32:17.061Z] Error Context: {
  "body": {
    "error": {
      "code": 500,
      "message": "Internal error encountered.",
      "status": "INTERNAL"
    }
  },
  "response": {
    "statusCode": 500
  }
}
